<?xml version="1.0" encoding="UTF-8"?>
<!-- Generated by org.testng.reporters.JUnitReportReporter -->
<testsuite hostname="DESKTOP-T1DP52B" failures="0" tests="1" name="crud_operation_TESTNG.GetMethodEmailOtp" time="2.932" errors="0" timestamp="2022-11-01T22:56:57 IST" skipped="0">
  <testcase classname="crud_operation_TESTNG.GetMethodEmailOtp" name="getMethodEmailOtp" time="2.932"/>
  <system-out/>
</testsuite> <!-- crud_operation_TESTNG.GetMethodEmailOtp -->
