<?xml version="1.0" encoding="UTF-8"?>
<!-- Generated by org.testng.reporters.JUnitReportReporter -->
<testsuite hostname="DESKTOP-T1DP52B" failures="0" tests="1" name="crud_operation_TESTNG.GetMethodEmail" time="2.769" errors="0" timestamp="2022-11-02T21:38:24 IST" skipped="0">
  <testcase classname="crud_operation_TESTNG.GetMethodEmail" name="getEmailMethod" time="2.769"/>
  <system-out/>
</testsuite> <!-- crud_operation_TESTNG.GetMethodEmail -->
