<?xml version="1.0" encoding="UTF-8"?>
<!-- Generated by org.testng.reporters.JUnitReportReporter -->
<testsuite hostname="DESKTOP-T1DP52B" failures="0" tests="1" name="runner.Runner_ClubSpark" time="7.256" errors="0" timestamp="2022-11-03T13:42:10 IST" skipped="0">
  <testcase classname="runner.Runner_ClubSpark" name="runScenario" time="7.256"/>
  <system-out/>
</testsuite> <!-- runner.Runner_ClubSpark -->
