<?xml version="1.0" encoding="UTF-8"?>
<!-- Generated by org.testng.reporters.JUnitReportReporter -->
<testsuite hostname="DESKTOP-T1DP52B" failures="0" tests="1" name="crud_operation_TESTNG.GetAllMethod" time="3.861" errors="0" timestamp="2022-11-02T21:37:03 IST" skipped="0">
  <testcase classname="crud_operation_TESTNG.GetAllMethod" name="getAllMethod" time="3.861"/>
  <system-out/>
</testsuite> <!-- crud_operation_TESTNG.GetAllMethod -->
