<?xml version="1.0" encoding="UTF-8"?>
<!-- Generated by org.testng.reporters.JUnitReportReporter -->
<testsuite hostname="DESKTOP-T1DP52B" failures="0" tests="1" name="crud_operation_TESTNG.Post_Method" time="9.966" errors="0" timestamp="2022-11-05T11:00:39 IST" skipped="0">
  <testcase classname="crud_operation_TESTNG.Post_Method" name="postMethod" time="9.966"/>
  <system-out/>
</testsuite> <!-- crud_operation_TESTNG.Post_Method -->
