<?xml version="1.0" encoding="UTF-8"?>
<!-- Generated by org.testng.reporters.JUnitReportReporter -->
<testsuite hostname="DESKTOP-T1DP52B" failures="0" tests="1" name="crud_operation_TESTNG.GetMethodPhone" time="2.715" errors="0" timestamp="2022-11-01T22:59:14 IST" skipped="0">
  <testcase classname="crud_operation_TESTNG.GetMethodPhone" name="getMethodPhone" time="2.715"/>
  <system-out/>
</testsuite> <!-- crud_operation_TESTNG.GetMethodPhone -->
