<?xml version="1.0" encoding="UTF-8"?>
<!-- Generated by org.testng.reporters.JUnitReportReporter -->
<testsuite hostname="DESKTOP-T1DP52B" failures="0" tests="1" name="authentication.BearerToken" time="5.998" errors="0" timestamp="2022-11-05T15:44:48 IST" skipped="0">
  <testcase classname="authentication.BearerToken" name="bearertoken" time="5.998"/>
  <system-out/>
</testsuite> <!-- authentication.BearerToken -->
