<?xml version="1.0" encoding="UTF-8"?>
<!-- Generated by org.testng.reporters.JUnitReportReporter -->
<testsuite hostname="DESKTOP-T1DP52B" failures="0" tests="1" name="authentication.BasicAuth" time="4.275" errors="0" timestamp="2022-11-05T15:48:45 IST" skipped="0">
  <testcase classname="authentication.BasicAuth" name="basicAuth" time="4.275"/>
  <system-out/>
</testsuite> <!-- authentication.BasicAuth -->
