<?xml version="1.0" encoding="UTF-8"?>
<!-- Generated by org.testng.reporters.JUnitReportReporter -->
<testsuite hostname="DESKTOP-T1DP52B" failures="0" tests="1" name="crud_operation_TESTNG.GetMethod" time="2.786" errors="0" timestamp="2022-11-02T21:37:20 IST" skipped="0">
  <testcase classname="crud_operation_TESTNG.GetMethod" name="getMethod" time="2.786"/>
  <system-out/>
</testsuite> <!-- crud_operation_TESTNG.GetMethod -->
